<?xml version="1.0" encoding="UTF-8"?>
<!-- Generated by org.testng.reporters.JUnitReportReporter -->
<testsuite hostname="DESKTOP-4SFDEUC" failures="0" tests="1" name="TestPack.Test1" time="23.564" errors="0" timestamp="2023-07-06T10:41:05 IST" skipped="0">
  <testcase classname="TestPack.Test1" name="test" time="23.564"/>
  <system-out/>
</testsuite> <!-- TestPack.Test1 -->
